<?xml version="1.0" encoding="UTF-8"?>
<!-- Generated by org.testng.reporters.JUnitReportReporter -->
<testsuite skipped="0" hostname="MSI" name="testngdemo.TestOrderOfExecution" tests="2" failures="0" timestamp="2020-07-03T20:13:43 EDT" time="0.007" errors="0">
  <testcase name="test1" time="0.001" classname="testngdemo.TestOrderOfExecution"/>
  <system-out/>
  <testcase name="test2" time="0.006" classname="testngdemo.TestOrderOfExecution"/>
  <system-out/>
</testsuite> <!-- testngdemo.TestOrderOfExecution -->
