<?xml version="1.0" encoding="UTF-8"?>
<!-- Generated by org.testng.reporters.JUnitReportReporter -->
<testsuite skipped="0" hostname="MSI" name="testngdemo.DatabaseTests" tests="2" failures="0" timestamp="2020-07-03T23:53:16 EDT" time="0.002" errors="0">
  <testcase name="testCase2DB" time="0.001" classname="testngdemo.DatabaseTests"/>
  <system-out/>
  <testcase name="testCase1DB" time="0.001" classname="testngdemo.DatabaseTests"/>
  <system-out/>
</testsuite> <!-- testngdemo.DatabaseTests -->
