<?xml version="1.0" encoding="UTF-8"?>
<!-- Generated by org.testng.reporters.JUnitReportReporter -->
<testsuite skipped="0" hostname="MSI" name="testngdemo.TestOrderOfExecution" tests="2" failures="0" timestamp="2020-07-01T21:18:09 EDT" time="0.011" errors="0">
  <testcase name="test2" time="0.003" classname="testngdemo.TestOrderOfExecution"/>
  <system-out/>
  <testcase name="test1" time="0.008" classname="testngdemo.TestOrderOfExecution"/>
  <system-out/>
</testsuite> <!-- testngdemo.TestOrderOfExecution -->
