<?xml version="1.0" encoding="UTF-8"?>
<!-- Generated by org.testng.reporters.JUnitReportReporter -->
<testsuite skipped="0" hostname="MSI" name="io.duotech.uiTests.DB" tests="4" failures="0" timestamp="2020-07-04T00:01:13 EDT" time="0.008" errors="0">
  <testcase name="testCase2DB" time="0.001" classname="io.duotech.uiTests.DB"/>
  <system-out/>
  <testcase name="TC_001_Database_verifyDbCredentials" time="0.006" classname="io.duotech.uiTests.DB"/>
  <system-out/>
  <testcase name="testCase1DB" time="0.000" classname="io.duotech.uiTests.DB"/>
  <system-out/>
  <testcase name="TC_002_Database_verifyConnection" time="0.001" classname="io.duotech.uiTests.DB"/>
  <system-out/>
</testsuite> <!-- io.duotech.uiTests.DB -->
