<?xml version="1.0" encoding="UTF-8"?>
<!-- Generated by org.testng.reporters.JUnitReportReporter -->
<testsuite skipped="0" hostname="MSI" name="testngdemo.LoginTests" tests="2" failures="0" timestamp="2020-07-01T21:39:02 EDT" time="17.801" errors="0">
  <testcase name="negativeLogin" time="8.626" classname="testngdemo.LoginTests"/>
  <system-out/>
  <testcase name="positiveLogin" time="9.175" classname="testngdemo.LoginTests"/>
  <system-out/>
</testsuite> <!-- testngdemo.LoginTests -->
