<?xml version="1.0" encoding="UTF-8"?>
<!-- Generated by org.testng.reporters.JUnitReportReporter -->
<testsuite skipped="0" hostname="MSI" name="io.duotech.uiTests.TestOrder" tests="2" failures="0" timestamp="2020-07-03T20:13:43 EDT" time="0.006" errors="0">
  <testcase name="test1" time="0.002" classname="io.duotech.uiTests.TestOrder"/>
  <system-out/>
  <testcase name="test2" time="0.004" classname="io.duotech.uiTests.TestOrder"/>
  <system-out/>
</testsuite> <!-- io.duotech.uiTests.TestOrder -->
