<?xml version="1.0" encoding="UTF-8"?>
<!-- Generated by org.testng.reporters.JUnitReportReporter -->
<testsuite skipped="0" hostname="MSI" name="io.duotech.uiTests.Login" tests="2" failures="0" timestamp="2020-07-04T00:00:20 EDT" time="20.401" errors="0">
  <testcase name="negativeLogin" time="9.604" classname="io.duotech.uiTests.Login"/>
  <system-out/>
  <testcase name="positiveLogin" time="10.797" classname="io.duotech.uiTests.Login"/>
  <system-out/>
</testsuite> <!-- io.duotech.uiTests.Login -->
