<?xml version="1.0" encoding="UTF-8"?>
<!-- Generated by org.testng.reporters.JUnitReportReporter -->
<testsuite skipped="1" hostname="MSI" name="july3.TestOrder" tests="2" failures="0" timestamp="2020-07-03T23:53:16 EDT" time="0.006" errors="0">
  <testcase name="zTest" time="0.006" classname="july3.TestOrder"/>
  <system-out/>
  <testcase name="dTest" classname="july3.TestOrder">
    <skipped/>
  </testcase> <!-- dTest -->
  <system-out/>
</testsuite> <!-- july3.TestOrder -->
